<?xml version="1.0" encoding="UTF-8"?>
<testng-results ignored="0" total="2" passed="2" failed="0" skipped="0">
  <reporter-output>
  </reporter-output>
  <suite started-at="2022-12-11T13:35:23 CET" name="Surefire suite" finished-at="2022-12-11T13:35:27 CET" duration-ms="3593">
    <groups>
    </groups>
    <test started-at="2022-12-11T13:35:23 CET" name="Surefire test" finished-at="2022-12-11T13:35:27 CET" duration-ms="3593">
      <class name="TestCase.TC_APITest">
        <test-method signature="test_getAllEmployees()[pri:1, instance:TestCase.TC_APITest@61009542]" started-at="2022-12-11T13:35:23 CET" name="test_getAllEmployees" finished-at="2022-12-11T13:35:26 CET" duration-ms="2537" status="PASS">
          <reporter-output>
          </reporter-output>
        </test-method> <!-- test_getAllEmployees -->
        <test-method signature="updateEmloyee()[pri:3, instance:TestCase.TC_APITest@61009542]" started-at="2022-12-11T13:35:26 CET" name="updateEmloyee" finished-at="2022-12-11T13:35:27 CET" duration-ms="1019" status="PASS">
          <reporter-output>
          </reporter-output>
        </test-method> <!-- updateEmloyee -->
      </class> <!-- TestCase.TC_APITest -->
    </test> <!-- Surefire test -->
  </suite> <!-- Surefire suite -->
</testng-results>
