<?xml version="1.0" encoding="UTF-8"?>
<testng-results ignored="0" total="2" passed="2" failed="0" skipped="0">
  <reporter-output>
  </reporter-output>
  <suite started-at="2022-12-11T13:34:31 CET" name="Default suite" finished-at="2022-12-11T13:34:35 CET" duration-ms="3525">
    <groups>
    </groups>
    <test started-at="2022-12-11T13:34:31 CET" name="Default test" finished-at="2022-12-11T13:34:35 CET" duration-ms="3525">
      <class name="TestCase.TC_APITest">
        <test-method signature="test_getAllEmployees()[pri:1, instance:TestCase.TC_APITest@393671df]" started-at="2022-12-11T13:34:31 CET" name="test_getAllEmployees" finished-at="2022-12-11T13:34:34 CET" duration-ms="2514" status="PASS">
          <reporter-output>
          </reporter-output>
        </test-method> <!-- test_getAllEmployees -->
        <test-method signature="updateEmloyee()[pri:3, instance:TestCase.TC_APITest@393671df]" started-at="2022-12-11T13:34:34 CET" name="updateEmloyee" finished-at="2022-12-11T13:34:35 CET" duration-ms="953" status="PASS">
          <reporter-output>
          </reporter-output>
        </test-method> <!-- updateEmloyee -->
      </class> <!-- TestCase.TC_APITest -->
    </test> <!-- Default test -->
  </suite> <!-- Default suite -->
</testng-results>
